\BOOKMARK [1][-]{section.1}{1. Introduction}{}% 1
\BOOKMARK [2][-]{subsection.1.1}{1.1. Motivation from line defects}{section.1}% 2
\BOOKMARK [2][-]{subsection.1.2}{1.2. Summary of approach}{section.1}% 3
\BOOKMARK [1][-]{section.2}{2. Quantum Coulomb branches}{}% 4
\BOOKMARK [2][-]{subsection.2.1}{2.1. Background}{section.2}% 5
\BOOKMARK [2][-]{subsection.2.2}{2.2. The extended category}{section.2}% 6
\BOOKMARK [2][-]{subsection.2.3}{2.3. Representations}{section.2}% 7
\BOOKMARK [2][-]{subsection.2.4}{2.4. The homogeneous presentation}{section.2}% 8
\BOOKMARK [2][-]{subsection.2.5}{2.5. Consequences for representation theory}{section.2}% 9
\BOOKMARK [1][-]{section.3}{3. Relation to geometry}{}% 10
\BOOKMARK [2][-]{subsection.3.1}{3.1. Frobenius constant quantization}{section.3}% 11
\BOOKMARK [2][-]{subsection.3.2}{3.2. Homogeneous coordinate rings}{section.3}% 12
\BOOKMARK [2][-]{subsection.3.3}{3.3. Infinitesimal splittings}{section.3}% 13
\BOOKMARK [2][-]{subsection.3.4}{3.4. Lifting to characteristic 0}{section.3}% 14
\BOOKMARK [2][-]{subsection.3.5}{3.5. Derived localization}{section.3}% 15
\BOOKMARK [2][-]{subsection.3.6}{3.6. Non-commutative crepant resolutions}{section.3}% 16
\BOOKMARK [2][-]{subsection.3.7}{3.7. Presentations}{section.3}% 17
\BOOKMARK [1][-]{section.4}{4. Schobers and wall-crossing}{}% 18
\BOOKMARK [2][-]{subsection.4.1}{4.1. Morita contexts and spherical functors}{section.4}% 19
\BOOKMARK [2][-]{subsection.4.2}{4.2. Wall-crossing functors}{section.4}% 20
\BOOKMARK [2][-]{subsection.4.3}{4.3. Schobers}{section.4}% 21
\BOOKMARK [2][-]{subsection.4.4}{4.4. The Schober of quantized modules}{section.4}% 22
\BOOKMARK [2][-]{subsection.4.5}{4.5. The coherent Schober}{section.4}% 23
\BOOKMARK [1][-]{section*.52}{Glossary}{}% 24
\BOOKMARK [1][-]{section*.53}{References}{}% 25
